Started GET "/" for ::1 at 2024-02-23 10:27:52 +0900
Processing by Rails::WelcomeController#index as HTML
  Rendering /Users/user/.rbenv/versions/2.7.3/lib/ruby/gems/2.7.0/gems/railties-5.2.8.1/lib/rails/templates/rails/welcome/index.html.erb
  Rendered /Users/user/.rbenv/versions/2.7.3/lib/ruby/gems/2.7.0/gems/railties-5.2.8.1/lib/rails/templates/rails/welcome/index.html.erb (1.8ms)
Completed 200 OK in 7ms (Views: 4.7ms | ActiveRecord: 0.0ms)


  [1m[35m (0.1ms)[0m  [1m[34mSELECT sqlite_version(*)[0m
  â†³ bin/rails:4
  [1m[35m (0.6ms)[0m  [1m[35mCREATE TABLE "schema_migrations" ("version" varchar NOT NULL PRIMARY KEY)[0m
  â†³ bin/rails:4
  [1m[35m (0.6ms)[0m  [1m[35mCREATE TABLE "ar_internal_metadata" ("key" varchar NOT NULL PRIMARY KEY, "value" varchar, "created_at" datetime NOT NULL, "updated_at" datetime NOT NULL)[0m
  â†³ bin/rails:4
  [1m[35m (0.1ms)[0m  [1m[34mSELECT "schema_migrations"."version" FROM "schema_migrations" ORDER BY "schema_migrations"."version" ASC[0m
  â†³ bin/rails:4
Migrating to CreatePosts (20240223015223)
  [1m[35m (0.0ms)[0m  [1m[36mbegin transaction[0m
  â†³ bin/rails:4
  [1m[35m (0.2ms)[0m  [1m[35mCREATE TABLE "posts" ("id" integer PRIMARY KEY AUTOINCREMENT NOT NULL, "title" varchar, "content" text, "created_at" datetime NOT NULL, "updated_at" datetime NOT NULL)[0m
  â†³ db/migrate/20240223015223_create_posts.rb:3
  [1m[36mActiveRecord::SchemaMigration Create (0.1ms)[0m  [1m[32mINSERT INTO "schema_migrations" ("version") VALUES (?)[0m  [["version", "20240223015223"]]
  â†³ bin/rails:4
  [1m[35m (0.4ms)[0m  [1m[36mcommit transaction[0m
  â†³ bin/rails:4
  [1m[36mActiveRecord::InternalMetadata Load (0.0ms)[0m  [1m[34mSELECT  "ar_internal_metadata".* FROM "ar_internal_metadata" WHERE "ar_internal_metadata"."key" = ? LIMIT ?[0m  [["key", "environment"], ["LIMIT", 1]]
  â†³ bin/rails:4
  [1m[35m (0.0ms)[0m  [1m[36mbegin transaction[0m
  â†³ bin/rails:4
  [1m[36mActiveRecord::InternalMetadata Create (0.1ms)[0m  [1m[32mINSERT INTO "ar_internal_metadata" ("key", "value", "created_at", "updated_at") VALUES (?, ?, ?, ?)[0m  [["key", "environment"], ["value", "development"], ["created_at", "2024-02-23 01:52:59.776574"], ["updated_at", "2024-02-23 01:52:59.776574"]]
  â†³ bin/rails:4
  [1m[35m (0.2ms)[0m  [1m[36mcommit transaction[0m
  â†³ bin/rails:4
  [1m[35m (0.0ms)[0m  [1m[34mSELECT "schema_migrations"."version" FROM "schema_migrations" ORDER BY "schema_migrations"."version" ASC[0m
  â†³ bin/rails:4
Started GET "/" for ::1 at 2024-02-23 11:06:32 +0900
  [1m[35m (0.1ms)[0m  [1m[34mSELECT "schema_migrations"."version" FROM "schema_migrations" ORDER BY "schema_migrations"."version" ASC[0m
  â†³ /Users/user/.rbenv/versions/2.7.3/lib/ruby/gems/2.7.0/gems/activerecord-5.2.3/lib/active_record/log_subscriber.rb:98
Processing by Rails::WelcomeController#index as HTML
  Rendering /Users/user/.rbenv/versions/2.7.3/lib/ruby/gems/2.7.0/gems/railties-5.2.3/lib/rails/templates/rails/welcome/index.html.erb
  Rendered /Users/user/.rbenv/versions/2.7.3/lib/ruby/gems/2.7.0/gems/railties-5.2.3/lib/rails/templates/rails/welcome/index.html.erb (4.6ms)
Completed 200 OK in 15ms (Views: 12.0ms | ActiveRecord: 0.0ms)


Started GET "/posts" for ::1 at 2024-02-23 11:07:00 +0900
Processing by PostsController#index as HTML
  Rendering posts/index.html.erb within layouts/application
  [1m[36mPost Load (6.4ms)[0m  [1m[34mSELECT "posts".* FROM "posts"[0m
  â†³ app/views/posts/index.html.erb:15
  Rendered posts/index.html.erb within layouts/application (43.5ms)
Completed 200 OK in 2312ms (Views: 2284.7ms | ActiveRecord: 8.8ms)


Started GET "/posts/new" for ::1 at 2024-02-23 11:07:20 +0900
Processing by PostsController#new as HTML
  Rendering posts/new.html.erb within layouts/application
  Rendered posts/_form.html.erb (45.7ms)
  Rendered posts/new.html.erb within layouts/application (47.6ms)
Completed 200 OK in 96ms (Views: 68.8ms | ActiveRecord: 1.2ms)


Started POST "/posts" for ::1 at 2024-02-23 11:07:35 +0900
Processing by PostsController#create as HTML
  Parameters: {"utf8"=>"âœ“", "authenticity_token"=>"fvnIfjDc1OFTumjVoIEhs5JRQHMyzzPjk4nDRO6ca0rbncGMrefXawqWlY895gNMWoANQVzU2OaxLsvmTSJAXA==", "post"=>{"title"=>"ã‚¿ã‚¤ãƒˆãƒ«", "content"=>"ã‚³ãƒ¡ãƒ³ãƒˆ"}, "commit"=>"Create Post"}
  [1m[35m (0.1ms)[0m  [1m[36mbegin transaction[0m
  â†³ app/controllers/posts_controller.rb:27
  [1m[36mPost Create (0.9ms)[0m  [1m[32mINSERT INTO "posts" ("title", "content", "created_at", "updated_at") VALUES (?, ?, ?, ?)[0m  [["title", "ã‚¿ã‚¤ãƒˆãƒ«"], ["content", "ã‚³ãƒ¡ãƒ³ãƒˆ"], ["created_at", "2024-02-23 02:07:35.097568"], ["updated_at", "2024-02-23 02:07:35.097568"]]
  â†³ app/controllers/posts_controller.rb:27
  [1m[35m (0.2ms)[0m  [1m[36mcommit transaction[0m
  â†³ app/controllers/posts_controller.rb:27
Redirected to http://localhost:3000/posts/1
Completed 302 Found in 5ms (ActiveRecord: 1.3ms)


Started GET "/posts/1" for ::1 at 2024-02-23 11:07:35 +0900
Processing by PostsController#show as HTML
  Parameters: {"id"=>"1"}
  [1m[36mPost Load (0.1ms)[0m  [1m[34mSELECT  "posts".* FROM "posts" WHERE "posts"."id" = ? LIMIT ?[0m  [["id", 1], ["LIMIT", 1]]
  â†³ app/controllers/posts_controller.rb:63
  Rendering posts/show.html.erb within layouts/application
  Rendered posts/show.html.erb within layouts/application (0.4ms)
Completed 200 OK in 12ms (Views: 8.7ms | ActiveRecord: 0.1ms)


Started GET "/posts" for ::1 at 2024-02-23 11:07:41 +0900
Processing by PostsController#index as HTML
  Rendering posts/index.html.erb within layouts/application
  [1m[36mPost Load (0.4ms)[0m  [1m[34mSELECT "posts".* FROM "posts"[0m
  â†³ app/views/posts/index.html.erb:15
  Rendered posts/index.html.erb within layouts/application (3.9ms)
Completed 200 OK in 44ms (Views: 41.9ms | ActiveRecord: 0.4ms)


Started GET "/posts/1/edit" for ::1 at 2024-02-23 11:08:00 +0900
Processing by PostsController#edit as HTML
  Parameters: {"id"=>"1"}
  [1m[36mPost Load (0.6ms)[0m  [1m[34mSELECT  "posts".* FROM "posts" WHERE "posts"."id" = ? LIMIT ?[0m  [["id", 1], ["LIMIT", 1]]
  â†³ app/controllers/posts_controller.rb:63
  Rendering posts/edit.html.erb within layouts/application
  Rendered posts/_form.html.erb (4.3ms)
  Rendered posts/edit.html.erb within layouts/application (6.5ms)
Completed 200 OK in 41ms (Views: 33.6ms | ActiveRecord: 0.6ms)


Started PATCH "/posts/1" for ::1 at 2024-02-23 11:08:25 +0900
Processing by PostsController#update as HTML
  Parameters: {"utf8"=>"âœ“", "authenticity_token"=>"Ge8E+EHpDzHga2F7GM8NPEUuyjKzCxs9+i7boZoN0b3j6jFAQ2Qb7z8Mf6rSOl/HH0WgJRvgJWOK7hrJvCrz0g==", "post"=>{"title"=>"ã‚¿ã‚¤ãƒˆãƒ«", "content"=>"ã‚³ãƒ¡ãƒ³ãƒˆã‚"}, "commit"=>"Update Post", "id"=>"1"}
  [1m[36mPost Load (0.4ms)[0m  [1m[34mSELECT  "posts".* FROM "posts" WHERE "posts"."id" = ? LIMIT ?[0m  [["id", 1], ["LIMIT", 1]]
  â†³ app/controllers/posts_controller.rb:63
  [1m[35m (0.2ms)[0m  [1m[36mbegin transaction[0m
  â†³ app/controllers/posts_controller.rb:40
  [1m[36mPost Update (1.1ms)[0m  [1m[33mUPDATE "posts" SET "content" = ?, "updated_at" = ? WHERE "posts"."id" = ?[0m  [["content", "ã‚³ãƒ¡ãƒ³ãƒˆã‚"], ["updated_at", "2024-02-23 02:08:25.879405"], ["id", 1]]
  â†³ app/controllers/posts_controller.rb:40
  [1m[35m (1.2ms)[0m  [1m[36mcommit transaction[0m
  â†³ app/controllers/posts_controller.rb:40
Redirected to http://localhost:3000/posts/1
Completed 302 Found in 22ms (ActiveRecord: 2.8ms)


Started GET "/posts/1" for ::1 at 2024-02-23 11:08:25 +0900
Processing by PostsController#show as HTML
  Parameters: {"id"=>"1"}
  [1m[36mPost Load (0.1ms)[0m  [1m[34mSELECT  "posts".* FROM "posts" WHERE "posts"."id" = ? LIMIT ?[0m  [["id", 1], ["LIMIT", 1]]
  â†³ app/controllers/posts_controller.rb:63
  Rendering posts/show.html.erb within layouts/application
  Rendered posts/show.html.erb within layouts/application (1.3ms)
Completed 200 OK in 18ms (Views: 14.3ms | ActiveRecord: 0.1ms)


Started GET "/posts" for ::1 at 2024-02-23 11:09:47 +0900
Processing by PostsController#index as HTML
  Rendering posts/index.html.erb within layouts/application
  [1m[36mPost Load (0.7ms)[0m  [1m[34mSELECT "posts".* FROM "posts"[0m
  â†³ app/views/posts/index.html.erb:15
  Rendered posts/index.html.erb within layouts/application (6.0ms)
Completed 200 OK in 63ms (Views: 51.4ms | ActiveRecord: 0.7ms)


Started GET "/posts/1/edit" for ::1 at 2024-02-23 11:09:54 +0900
Processing by PostsController#edit as HTML
  Parameters: {"id"=>"1"}
  [1m[36mPost Load (1.5ms)[0m  [1m[34mSELECT  "posts".* FROM "posts" WHERE "posts"."id" = ? LIMIT ?[0m  [["id", 1], ["LIMIT", 1]]
  â†³ app/controllers/posts_controller.rb:63
  Rendering posts/edit.html.erb within layouts/application
  Rendered posts/_form.html.erb (8.7ms)
  Rendered posts/edit.html.erb within layouts/application (11.9ms)
Completed 200 OK in 65ms (Views: 57.5ms | ActiveRecord: 1.5ms)


Started GET "/posts" for ::1 at 2024-02-23 11:09:58 +0900
Processing by PostsController#index as HTML
  Rendering posts/index.html.erb within layouts/application
  [1m[36mPost Load (0.4ms)[0m  [1m[34mSELECT "posts".* FROM "posts"[0m
  â†³ app/views/posts/index.html.erb:15
  Rendered posts/index.html.erb within layouts/application (12.3ms)
Completed 200 OK in 37ms (Views: 34.0ms | ActiveRecord: 0.4ms)


Started GET "/posts/1" for ::1 at 2024-02-23 11:10:05 +0900
Processing by PostsController#show as HTML
  Parameters: {"id"=>"1"}
  [1m[36mPost Load (0.6ms)[0m  [1m[34mSELECT  "posts".* FROM "posts" WHERE "posts"."id" = ? LIMIT ?[0m  [["id", 1], ["LIMIT", 1]]
  â†³ app/controllers/posts_controller.rb:63
  Rendering posts/show.html.erb within layouts/application
  Rendered posts/show.html.erb within layouts/application (1.5ms)
Completed 200 OK in 33ms (Views: 28.2ms | ActiveRecord: 0.6ms)


Started GET "/posts" for ::1 at 2024-02-23 11:10:13 +0900
Processing by PostsController#index as HTML
  Rendering posts/index.html.erb within layouts/application
  [1m[36mPost Load (0.6ms)[0m  [1m[34mSELECT "posts".* FROM "posts"[0m
  â†³ app/views/posts/index.html.erb:15
  Rendered posts/index.html.erb within layouts/application (11.8ms)
Completed 200 OK in 52ms (Views: 48.6ms | ActiveRecord: 0.6ms)


Started DELETE "/posts/1" for ::1 at 2024-02-23 11:10:17 +0900
Processing by PostsController#destroy as HTML
  Parameters: {"authenticity_token"=>"pIL+rl7yAQsDvY6PDgOEiAk/CgowshVdRxJBGe/hv+35qGCYSW1llqlB7QQs1aPkPCyjZ0qgTnp2O25gmL7jTg==", "id"=>"1"}
  [1m[36mPost Load (0.5ms)[0m  [1m[34mSELECT  "posts".* FROM "posts" WHERE "posts"."id" = ? LIMIT ?[0m  [["id", 1], ["LIMIT", 1]]
  â†³ app/controllers/posts_controller.rb:63
  [1m[35m (0.2ms)[0m  [1m[36mbegin transaction[0m
  â†³ app/controllers/posts_controller.rb:52
  [1m[36mPost Destroy (1.1ms)[0m  [1m[31mDELETE FROM "posts" WHERE "posts"."id" = ?[0m  [["id", 1]]
  â†³ app/controllers/posts_controller.rb:52
  [1m[35m (0.9ms)[0m  [1m[36mcommit transaction[0m
  â†³ app/controllers/posts_controller.rb:52
Redirected to http://localhost:3000/posts
Completed 302 Found in 10ms (ActiveRecord: 2.6ms)


Started GET "/posts" for ::1 at 2024-02-23 11:10:17 +0900
Processing by PostsController#index as HTML
  Rendering posts/index.html.erb within layouts/application
  [1m[36mPost Load (0.1ms)[0m  [1m[34mSELECT "posts".* FROM "posts"[0m
  â†³ app/views/posts/index.html.erb:15
  Rendered posts/index.html.erb within layouts/application (1.7ms)
Completed 200 OK in 19ms (Views: 17.5ms | ActiveRecord: 0.1ms)


Started GET "/posts/new" for ::1 at 2024-02-23 11:10:37 +0900
Processing by PostsController#new as HTML
  Rendering posts/new.html.erb within layouts/application
  Rendered posts/_form.html.erb (2.9ms)
  Rendered posts/new.html.erb within layouts/application (4.8ms)
Completed 200 OK in 47ms (Views: 43.9ms | ActiveRecord: 0.0ms)


Started POST "/posts" for ::1 at 2024-02-23 11:10:43 +0900
Processing by PostsController#create as HTML
  Parameters: {"utf8"=>"âœ“", "authenticity_token"=>"hyQYsG80P5GFXKhbqPV2PMXbrv3Eh0gZKcysn3qQNbciQBFC8g88G9xwVQE1klTDDQrjz6qcoxwLa6Q92S4eoQ==", "post"=>{"title"=>"ã‚", "content"=>"ã‚ã‚ã‚"}, "commit"=>"Create Post"}
  [1m[35m (0.3ms)[0m  [1m[36mbegin transaction[0m
  â†³ app/controllers/posts_controller.rb:27
  [1m[36mPost Create (1.4ms)[0m  [1m[32mINSERT INTO "posts" ("title", "content", "created_at", "updated_at") VALUES (?, ?, ?, ?)[0m  [["title", "ã‚"], ["content", "ã‚ã‚ã‚"], ["created_at", "2024-02-23 02:10:43.288137"], ["updated_at", "2024-02-23 02:10:43.288137"]]
  â†³ app/controllers/posts_controller.rb:27
  [1m[35m (1.4ms)[0m  [1m[36mcommit transaction[0m
  â†³ app/controllers/posts_controller.rb:27
Redirected to http://localhost:3000/posts/2
Completed 302 Found in 15ms (ActiveRecord: 3.0ms)


Started GET "/posts/2" for ::1 at 2024-02-23 11:10:43 +0900
Processing by PostsController#show as HTML
  Parameters: {"id"=>"2"}
  [1m[36mPost Load (0.2ms)[0m  [1m[34mSELECT  "posts".* FROM "posts" WHERE "posts"."id" = ? LIMIT ?[0m  [["id", 2], ["LIMIT", 1]]
  â†³ app/controllers/posts_controller.rb:63
  Rendering posts/show.html.erb within layouts/application
  Rendered posts/show.html.erb within layouts/application (1.5ms)
Completed 200 OK in 34ms (Views: 31.9ms | ActiveRecord: 0.2ms)


Started GET "/posts/2/edit" for ::1 at 2024-02-23 11:10:44 +0900
Processing by PostsController#edit as HTML
  Parameters: {"id"=>"2"}
  [1m[36mPost Load (0.2ms)[0m  [1m[34mSELECT  "posts".* FROM "posts" WHERE "posts"."id" = ? LIMIT ?[0m  [["id", 2], ["LIMIT", 1]]
  â†³ app/controllers/posts_controller.rb:63
  Rendering posts/edit.html.erb within layouts/application
  Rendered posts/_form.html.erb (4.6ms)
  Rendered posts/edit.html.erb within layouts/application (6.8ms)
Completed 200 OK in 25ms (Views: 22.8ms | ActiveRecord: 0.2ms)


Started GET "/posts" for ::1 at 2024-02-23 11:10:46 +0900
Processing by PostsController#index as HTML
  Rendering posts/index.html.erb within layouts/application
  [1m[36mPost Load (0.5ms)[0m  [1m[34mSELECT "posts".* FROM "posts"[0m
  â†³ app/views/posts/index.html.erb:15
  Rendered posts/index.html.erb within layouts/application (6.7ms)
Completed 200 OK in 53ms (Views: 33.7ms | ActiveRecord: 0.5ms)


Started GET "/posts/new" for ::1 at 2024-02-23 11:10:48 +0900
Processing by PostsController#new as HTML
  Rendering posts/new.html.erb within layouts/application
  Rendered posts/_form.html.erb (8.8ms)
  Rendered posts/new.html.erb within layouts/application (11.7ms)
Completed 200 OK in 46ms (Views: 40.6ms | ActiveRecord: 0.0ms)


Started POST "/posts" for ::1 at 2024-02-23 11:10:52 +0900
Processing by PostsController#create as HTML
  Parameters: {"utf8"=>"âœ“", "authenticity_token"=>"ZoivWyRLde6zjVTLXlUaOdoTmI11KzAwcN7W47btHV3D7KapuXB2ZOqhqZHDMjjGEsLVvxsw2zVSed5BFVM2Sw==", "post"=>{"title"=>"ã„", "content"=>"ã„ã„ã„"}, "commit"=>"Create Post"}
  [1m[35m (0.5ms)[0m  [1m[36mbegin transaction[0m
  â†³ app/controllers/posts_controller.rb:27
  [1m[36mPost Create (0.7ms)[0m  [1m[32mINSERT INTO "posts" ("title", "content", "created_at", "updated_at") VALUES (?, ?, ?, ?)[0m  [["title", "ã„"], ["content", "ã„ã„ã„"], ["created_at", "2024-02-23 02:10:52.384848"], ["updated_at", "2024-02-23 02:10:52.384848"]]
  â†³ app/controllers/posts_controller.rb:27
  [1m[35m (0.9ms)[0m  [1m[36mcommit transaction[0m
  â†³ app/controllers/posts_controller.rb:27
Redirected to http://localhost:3000/posts/3
Completed 302 Found in 16ms (ActiveRecord: 2.1ms)


Started GET "/posts/3" for ::1 at 2024-02-23 11:10:52 +0900
Processing by PostsController#show as HTML
  Parameters: {"id"=>"3"}
  [1m[36mPost Load (0.1ms)[0m  [1m[34mSELECT  "posts".* FROM "posts" WHERE "posts"."id" = ? LIMIT ?[0m  [["id", 3], ["LIMIT", 1]]
  â†³ app/controllers/posts_controller.rb:63
  Rendering posts/show.html.erb within layouts/application
  Rendered posts/show.html.erb within layouts/application (1.0ms)
Completed 200 OK in 27ms (Views: 25.0ms | ActiveRecord: 0.1ms)


Started GET "/posts" for ::1 at 2024-02-23 11:10:54 +0900
Processing by PostsController#index as HTML
  Rendering posts/index.html.erb within layouts/application
  [1m[36mPost Load (0.3ms)[0m  [1m[34mSELECT "posts".* FROM "posts"[0m
  â†³ app/views/posts/index.html.erb:15
  Rendered posts/index.html.erb within layouts/application (3.8ms)
Completed 200 OK in 32ms (Views: 28.6ms | ActiveRecord: 0.3ms)


Started GET "/posts" for ::1 at 2024-02-23 17:08:14 +0900
Processing by PostsController#index as HTML
  Rendering posts/index.html.erb within layouts/application
  [1m[36mPost Load (0.8ms)[0m  [1m[34mSELECT "posts".* FROM "posts"[0m
  â†³ app/views/posts/index.html.erb:15
  Rendered posts/index.html.erb within layouts/application (8.5ms)
Completed 200 OK in 35ms (Views: 25.9ms | ActiveRecord: 1.4ms)


Started GET "/" for ::1 at 2024-02-23 17:08:18 +0900
Processing by PostsController#index as HTML
  Rendering posts/index.html.erb within layouts/application
  [1m[36mPost Load (0.3ms)[0m  [1m[34mSELECT "posts".* FROM "posts"[0m
  â†³ app/views/posts/index.html.erb:15
  Rendered posts/index.html.erb within layouts/application (3.4ms)
Completed 200 OK in 46ms (Views: 42.0ms | ActiveRecord: 0.3ms)


Started GET "/" for ::1 at 2024-02-23 17:08:20 +0900
Processing by PostsController#index as HTML
  Rendering posts/index.html.erb within layouts/application
  [1m[36mPost Load (0.1ms)[0m  [1m[34mSELECT "posts".* FROM "posts"[0m
  â†³ app/views/posts/index.html.erb:15
  Rendered posts/index.html.erb within layouts/application (1.8ms)
Completed 200 OK in 24ms (Views: 23.1ms | ActiveRecord: 0.1ms)


Started GET "/" for ::1 at 2024-02-23 17:08:24 +0900
Processing by Rails::WelcomeController#index as HTML
  Rendering /Users/user/.rbenv/versions/2.7.3/lib/ruby/gems/2.7.0/gems/railties-5.2.3/lib/rails/templates/rails/welcome/index.html.erb
  Rendered /Users/user/.rbenv/versions/2.7.3/lib/ruby/gems/2.7.0/gems/railties-5.2.3/lib/rails/templates/rails/welcome/index.html.erb (5.4ms)
Completed 200 OK in 8ms (Views: 6.3ms | ActiveRecord: 0.0ms)


Started GET "/" for ::1 at 2024-02-23 17:08:28 +0900
Processing by PostsController#index as HTML
  Rendering posts/index.html.erb within layouts/application
  [1m[36mPost Load (0.3ms)[0m  [1m[34mSELECT "posts".* FROM "posts"[0m
  â†³ app/views/posts/index.html.erb:15
  Rendered posts/index.html.erb within layouts/application (3.2ms)
Completed 200 OK in 13ms (Views: 8.8ms | ActiveRecord: 0.5ms)


Started GET "/posts/2" for ::1 at 2024-02-23 17:09:58 +0900
Processing by PostsController#show as HTML
  Parameters: {"id"=>"2"}
  [1m[36mPost Load (0.3ms)[0m  [1m[34mSELECT  "posts".* FROM "posts" WHERE "posts"."id" = ? LIMIT ?[0m  [["id", 2], ["LIMIT", 1]]
  â†³ app/controllers/posts_controller.rb:63
  Rendering posts/show.html.erb within layouts/application
  Rendered posts/show.html.erb within layouts/application (1.3ms)
Completed 200 OK in 34ms (Views: 22.7ms | ActiveRecord: 0.3ms)


Started GET "/posts/2/edit" for ::1 at 2024-02-23 17:10:06 +0900
Processing by PostsController#edit as HTML
  Parameters: {"id"=>"2"}
  [1m[36mPost Load (0.8ms)[0m  [1m[34mSELECT  "posts".* FROM "posts" WHERE "posts"."id" = ? LIMIT ?[0m  [["id", 2], ["LIMIT", 1]]
  â†³ app/controllers/posts_controller.rb:63
  Rendering posts/edit.html.erb within layouts/application
  Rendered posts/_form.html.erb (10.0ms)
  Rendered posts/edit.html.erb within layouts/application (13.9ms)
Completed 200 OK in 51ms (Views: 39.0ms | ActiveRecord: 0.8ms)


Started GET "/posts" for ::1 at 2024-02-23 17:10:09 +0900
Processing by PostsController#index as HTML
  Rendering posts/index.html.erb within layouts/application
  [1m[36mPost Load (0.1ms)[0m  [1m[34mSELECT "posts".* FROM "posts"[0m
  â†³ app/views/posts/index.html.erb:15
  Rendered posts/index.html.erb within layouts/application (2.2ms)
Completed 200 OK in 18ms (Views: 16.7ms | ActiveRecord: 0.1ms)


Started GET "/posts/new" for ::1 at 2024-02-23 17:10:10 +0900
Processing by PostsController#new as HTML
  Rendering posts/new.html.erb within layouts/application
  Rendered posts/_form.html.erb (2.2ms)
  Rendered posts/new.html.erb within layouts/application (3.5ms)
Completed 200 OK in 36ms (Views: 33.9ms | ActiveRecord: 0.0ms)


Started GET "/posts/new" for ::1 at 2024-02-23 17:25:52 +0900
Processing by PostsController#new as HTML
  Rendering posts/new.html.erb within layouts/application
  Rendered posts/_form.html.erb (3.6ms)
  Rendered posts/new.html.erb within layouts/application (5.5ms)
Completed 200 OK in 24ms (Views: 19.3ms | ActiveRecord: 0.0ms)


Started GET "/posts/new" for ::1 at 2024-02-23 17:26:20 +0900
Processing by PostsController#new as HTML
  Rendering posts/new.html.erb within layouts/application
  Rendered posts/_form.html.erb (3.1ms)
  Rendered posts/new.html.erb within layouts/application (5.2ms)
Completed 200 OK in 28ms (Views: 25.5ms | ActiveRecord: 0.0ms)


Started POST "/posts" for ::1 at 2024-02-23 17:27:57 +0900
Processing by PostsController#create as HTML
  Parameters: {"utf8"=>"âœ“", "authenticity_token"=>"Yl0EdrqPKaGEgD6MmlAMMFODhyflDgoO7ud0uE/E4Qk/d5pArRBNPC58XQe4hitcZpAuSp8cUSnfzlvBOJu9qg==", "post"=>{"title"=>"", "content"=>""}, "commit"=>"Create Post"}
  [1m[35m (0.2ms)[0m  [1m[36mbegin transaction[0m
  â†³ app/controllers/posts_controller.rb:27
  [1m[36mPost Create (1.6ms)[0m  [1m[32mINSERT INTO "posts" ("title", "content", "created_at", "updated_at") VALUES (?, ?, ?, ?)[0m  [["title", ""], ["content", ""], ["created_at", "2024-02-23 08:27:57.545547"], ["updated_at", "2024-02-23 08:27:57.545547"]]
  â†³ app/controllers/posts_controller.rb:27
  [1m[35m (0.6ms)[0m  [1m[36mcommit transaction[0m
  â†³ app/controllers/posts_controller.rb:27
Redirected to http://localhost:3000/posts/4
Completed 302 Found in 10ms (ActiveRecord: 2.3ms)


Started GET "/posts/4" for ::1 at 2024-02-23 17:27:57 +0900
Processing by PostsController#show as HTML
  Parameters: {"id"=>"4"}
  [1m[36mPost Load (0.2ms)[0m  [1m[34mSELECT  "posts".* FROM "posts" WHERE "posts"."id" = ? LIMIT ?[0m  [["id", 4], ["LIMIT", 1]]
  â†³ app/controllers/posts_controller.rb:63
  Rendering posts/show.html.erb within layouts/application
  Rendered posts/show.html.erb within layouts/application (0.8ms)
Completed 200 OK in 15ms (Views: 13.0ms | ActiveRecord: 0.2ms)


Started GET "/posts" for ::1 at 2024-02-23 17:28:00 +0900
Processing by PostsController#index as HTML
  Rendering posts/index.html.erb within layouts/application
  [1m[36mPost Load (0.3ms)[0m  [1m[34mSELECT "posts".* FROM "posts"[0m
  â†³ app/views/posts/index.html.erb:15
  Rendered posts/index.html.erb within layouts/application (19.7ms)
Completed 200 OK in 40ms (Views: 36.4ms | ActiveRecord: 0.3ms)


Started GET "/posts" for ::1 at 2024-02-23 17:29:22 +0900
Processing by PostsController#index as HTML
  Rendering posts/index.html.erb within layouts/application
  [1m[36mPost Load (0.3ms)[0m  [1m[34mSELECT "posts".* FROM "posts"[0m
  â†³ app/views/posts/index.html.erb:15
  Rendered posts/index.html.erb within layouts/application (4.5ms)
Completed 200 OK in 26ms (Views: 22.4ms | ActiveRecord: 0.3ms)


Started GET "/posts/new" for ::1 at 2024-02-23 17:30:03 +0900
Processing by PostsController#new as HTML
  Rendering posts/new.html.erb within layouts/application
  Rendered posts/_form.html.erb (2.6ms)
  Rendered posts/new.html.erb within layouts/application (4.2ms)
Completed 200 OK in 21ms (Views: 18.5ms | ActiveRecord: 0.0ms)


Started POST "/posts" for ::1 at 2024-02-23 17:30:20 +0900
Processing by PostsController#create as HTML
  Parameters: {"utf8"=>"âœ“", "authenticity_token"=>"JSdBoIVcr6m2EYw0+p75+V2FFJk4Mho5gGt1V6xw6LWAQ0hSGGesI+89cW5n+dsGlVRZq1Yp8TyizH31D87Dow==", "post"=>{"title"=>"é­‚ã®å«ã³", "content"=>"ã‚ã‚ã‚ã‚ã‚ã‚ã‚ã‚ã‚ã‚ã‚ã‚ã‚ã‚ã‚ã‚ã‚ã‚ã‚ã‚ã‚ã‚ã‚ã‚ã‚ã‚ã‚ã‚ã‚ã‚ã‚ã‚ã‚ã‚ã‚ã‚ã‚ã‚ã‚ã‚ã‚ã‚ã‚ã‚ã‚ã‚ã‚ã‚ã‚ã‚ã‚ã‚ã‚ã‚ã‚ã‚ã‚ã‚ã‚ã‚ã‚ã‚ã‚ã‚ï¼ï¼ï¼ï¼"}, "commit"=>"Create Post"}
  [1m[35m (0.1ms)[0m  [1m[36mbegin transaction[0m
  â†³ app/controllers/posts_controller.rb:27
  [1m[36mPost Create (0.6ms)[0m  [1m[32mINSERT INTO "posts" ("title", "content", "created_at", "updated_at") VALUES (?, ?, ?, ?)[0m  [["title", "é­‚ã®å«ã³"], ["content", "ã‚ã‚ã‚ã‚ã‚ã‚ã‚ã‚ã‚ã‚ã‚ã‚ã‚ã‚ã‚ã‚ã‚ã‚ã‚ã‚ã‚ã‚ã‚ã‚ã‚ã‚ã‚ã‚ã‚ã‚ã‚ã‚ã‚ã‚ã‚ã‚ã‚ã‚ã‚ã‚ã‚ã‚ã‚ã‚ã‚ã‚ã‚ã‚ã‚ã‚ã‚ã‚ã‚ã‚ã‚ã‚ã‚ã‚ã‚ã‚ã‚ã‚ã‚ã‚ï¼ï¼ï¼ï¼"], ["created_at", "2024-02-23 08:30:20.335404"], ["updated_at", "2024-02-23 08:30:20.335404"]]
  â†³ app/controllers/posts_controller.rb:27
  [1m[35m (1.3ms)[0m  [1m[36mcommit transaction[0m
  â†³ app/controllers/posts_controller.rb:27
Redirected to http://localhost:3000/posts/5
Completed 302 Found in 6ms (ActiveRecord: 1.9ms)


Started GET "/posts/5" for ::1 at 2024-02-23 17:30:20 +0900
Processing by PostsController#show as HTML
  Parameters: {"id"=>"5"}
  [1m[36mPost Load (0.2ms)[0m  [1m[34mSELECT  "posts".* FROM "posts" WHERE "posts"."id" = ? LIMIT ?[0m  [["id", 5], ["LIMIT", 1]]
  â†³ app/controllers/posts_controller.rb:63
  Rendering posts/show.html.erb within layouts/application
  Rendered posts/show.html.erb within layouts/application (0.7ms)
Completed 200 OK in 18ms (Views: 14.5ms | ActiveRecord: 0.2ms)


Started GET "/posts" for ::1 at 2024-02-23 17:30:22 +0900
Processing by PostsController#index as HTML
  Rendering posts/index.html.erb within layouts/application
  [1m[36mPost Load (0.2ms)[0m  [1m[34mSELECT "posts".* FROM "posts"[0m
  â†³ app/views/posts/index.html.erb:15
  Rendered posts/index.html.erb within layouts/application (3.9ms)
Completed 200 OK in 21ms (Views: 18.3ms | ActiveRecord: 0.2ms)


Started GET "/posts" for ::1 at 2024-02-23 17:34:38 +0900
Processing by PostsController#index as HTML
  Rendering posts/index.html.erb within layouts/application
  [1m[36mPost Load (1.9ms)[0m  [1m[34mSELECT "posts".* FROM "posts"[0m
  â†³ app/views/posts/index.html.erb:15
  Rendered posts/index.html.erb within layouts/application (5.8ms)
  Rendered layouts/_header.html.erb (0.3ms)
Completed 200 OK in 25ms (Views: 17.3ms | ActiveRecord: 1.9ms)


Started GET "/posts" for ::1 at 2024-02-23 17:34:41 +0900
Processing by PostsController#index as HTML
  Rendering posts/index.html.erb within layouts/application
  [1m[36mPost Load (0.2ms)[0m  [1m[34mSELECT "posts".* FROM "posts"[0m
  â†³ app/views/posts/index.html.erb:15
  Rendered posts/index.html.erb within layouts/application (2.1ms)
  Rendered layouts/_header.html.erb (0.7ms)
Completed 200 OK in 24ms (Views: 23.2ms | ActiveRecord: 0.2ms)


Started GET "/posts" for ::1 at 2024-02-23 17:36:53 +0900
Processing by PostsController#index as HTML
  Rendering posts/index.html.erb within layouts/application
  [1m[36mPost Load (0.8ms)[0m  [1m[34mSELECT "posts".* FROM "posts"[0m
  â†³ app/views/posts/index.html.erb:15
  Rendered posts/index.html.erb within layouts/application (16.3ms)
  Rendered layouts/_header.html.erb (0.4ms)
  Rendered layouts/_footer.html.erb (0.1ms)
Completed 200 OK in 36ms (Views: 32.1ms | ActiveRecord: 0.8ms)


Started GET "/" for ::1 at 2024-02-28 16:46:02 +0900
Processing by PostsController#index as HTML
  Rendering posts/index.html.erb within layouts/application
  [1m[36mPost Load (0.3ms)[0m  [1m[34mSELECT "posts".* FROM "posts"[0m
  â†³ app/views/posts/index.html.erb:15
  Rendered posts/index.html.erb within layouts/application (8.4ms)
  Rendered layouts/_header.html.erb (0.2ms)
  Rendered layouts/_footer.html.erb (0.1ms)
Completed 200 OK in 49ms (Views: 43.3ms | ActiveRecord: 0.3ms)


Started GET "/" for ::1 at 2024-02-28 16:52:56 +0900
Processing by PostsController#index as HTML
  Rendering posts/index.html.erb within layouts/application
  [1m[36mPost Load (0.8ms)[0m  [1m[34mSELECT "posts".* FROM "posts"[0m
  â†³ app/views/posts/index.html.erb:3
  Rendered collection of posts/_post.html.erb [4 times] (2.8ms)
  Rendered posts/index.html.erb within layouts/application (7.3ms)
  Rendered layouts/_header.html.erb (0.4ms)
  Rendered layouts/_footer.html.erb (0.2ms)
Completed 200 OK in 35ms (Views: 32.3ms | ActiveRecord: 0.8ms)


Started GET "/" for ::1 at 2024-02-28 16:53:11 +0900
Processing by PostsController#index as HTML
  Rendering posts/index.html.erb within layouts/application
  [1m[36mPost Load (0.1ms)[0m  [1m[34mSELECT "posts".* FROM "posts"[0m
  â†³ app/views/posts/index.html.erb:3
  Rendered collection of posts/_post.html.erb [4 times] (1.3ms)
  Rendered posts/index.html.erb within layouts/application (3.3ms)
  Rendered layouts/_header.html.erb (0.5ms)
  Rendered layouts/_footer.html.erb (0.4ms)
Completed 200 OK in 23ms (Views: 22.3ms | ActiveRecord: 0.1ms)


Started GET "/" for ::1 at 2024-02-28 16:53:17 +0900
Processing by PostsController#index as HTML
  Rendering posts/index.html.erb within layouts/application
  [1m[36mPost Load (0.2ms)[0m  [1m[34mSELECT "posts".* FROM "posts"[0m
  â†³ app/views/posts/index.html.erb:3
  Rendered collection of posts/_post.html.erb [4 times] (1.5ms)
  Rendered posts/index.html.erb within layouts/application (3.4ms)
  Rendered layouts/_header.html.erb (0.5ms)
  Rendered layouts/_footer.html.erb (0.2ms)
Completed 200 OK in 23ms (Views: 21.4ms | ActiveRecord: 0.2ms)


Started GET "/" for ::1 at 2024-02-28 16:53:22 +0900
Processing by PostsController#index as HTML
  Rendering posts/index.html.erb within layouts/application
  [1m[36mPost Load (0.2ms)[0m  [1m[34mSELECT "posts".* FROM "posts"[0m
  â†³ app/views/posts/index.html.erb:3
  Rendered collection of posts/_post.html.erb [4 times] (1.8ms)
  Rendered posts/index.html.erb within layouts/application (4.6ms)
  Rendered layouts/_header.html.erb (0.8ms)
  Rendered layouts/_footer.html.erb (0.2ms)
Completed 200 OK in 26ms (Views: 24.6ms | ActiveRecord: 0.2ms)


Started GET "/" for ::1 at 2024-02-28 16:55:43 +0900
Processing by PostsController#index as HTML
  Rendering posts/index.html.erb within layouts/application
  [1m[36mPost Load (0.3ms)[0m  [1m[34mSELECT "posts".* FROM "posts"[0m
  â†³ app/views/posts/index.html.erb:3
  Rendered collection of posts/_post.html.erb [4 times] (2.3ms)
  Rendered posts/index.html.erb within layouts/application (6.1ms)
  Rendered layouts/_header.html.erb (0.4ms)
  Rendered layouts/_footer.html.erb (0.3ms)
Completed 200 OK in 38ms (Views: 35.4ms | ActiveRecord: 0.3ms)


Started GET "/posts/2/edit" for ::1 at 2024-02-28 16:55:52 +0900
Processing by PostsController#edit as HTML
  Parameters: {"id"=>"2"}
  [1m[36mPost Load (0.3ms)[0m  [1m[34mSELECT  "posts".* FROM "posts" WHERE "posts"."id" = ? LIMIT ?[0m  [["id", 2], ["LIMIT", 1]]
  â†³ app/controllers/posts_controller.rb:63
  Rendering posts/edit.html.erb within layouts/application
  Rendered posts/_form.html.erb (3.8ms)
  Rendered posts/edit.html.erb within layouts/application (5.0ms)
  Rendered layouts/_header.html.erb (0.6ms)
  Rendered layouts/_footer.html.erb (0.4ms)
Completed 200 OK in 23ms (Views: 20.8ms | ActiveRecord: 0.3ms)


Started PATCH "/posts/2" for ::1 at 2024-02-28 16:55:55 +0900
Processing by PostsController#update as HTML
  Parameters: {"utf8"=>"âœ“", "authenticity_token"=>"sC99QSWHP5LeDLxEsV50mn36rrCMEwSv3xgcQwtO1cjMnpCJ8Bu4/kJ02zfje2+1ajjiLiVrM4tc4Y6cpnFlbA==", "post"=>{"title"=>"ã‚", "content"=>"ã‚ã‚ã‚"}, "commit"=>"Update Post", "id"=>"2"}
  [1m[36mPost Load (0.1ms)[0m  [1m[34mSELECT  "posts".* FROM "posts" WHERE "posts"."id" = ? LIMIT ?[0m  [["id", 2], ["LIMIT", 1]]
  â†³ app/controllers/posts_controller.rb:63
  [1m[35m (0.1ms)[0m  [1m[36mbegin transaction[0m
  â†³ app/controllers/posts_controller.rb:40
  [1m[35m (0.0ms)[0m  [1m[36mcommit transaction[0m
  â†³ app/controllers/posts_controller.rb:40
Redirected to http://localhost:3000/posts/2
Completed 302 Found in 3ms (ActiveRecord: 0.3ms)


Started GET "/posts/2" for ::1 at 2024-02-28 16:55:55 +0900
Processing by PostsController#show as HTML
  Parameters: {"id"=>"2"}
  [1m[36mPost Load (0.1ms)[0m  [1m[34mSELECT  "posts".* FROM "posts" WHERE "posts"."id" = ? LIMIT ?[0m  [["id", 2], ["LIMIT", 1]]
  â†³ app/controllers/posts_controller.rb:63
  Rendering posts/show.html.erb within layouts/application
  Rendered posts/_post.html.erb (0.7ms)
  Rendered posts/show.html.erb within layouts/application (1.8ms)
  Rendered layouts/_header.html.erb (0.6ms)
  Rendered layouts/_footer.html.erb (0.3ms)
Completed 200 OK in 25ms (Views: 22.7ms | ActiveRecord: 0.1ms)


Started GET "/posts" for ::1 at 2024-02-28 16:55:58 +0900
Processing by PostsController#index as HTML
  Rendering posts/index.html.erb within layouts/application
  [1m[36mPost Load (0.2ms)[0m  [1m[34mSELECT "posts".* FROM "posts"[0m
  â†³ app/views/posts/index.html.erb:3
  Rendered collection of posts/_post.html.erb [4 times] (1.2ms)
  Rendered posts/index.html.erb within layouts/application (3.4ms)
  Rendered layouts/_header.html.erb (0.6ms)
  Rendered layouts/_footer.html.erb (0.3ms)
Completed 200 OK in 21ms (Views: 19.3ms | ActiveRecord: 0.2ms)


Started GET "/posts/new" for ::1 at 2024-02-28 16:56:01 +0900
Processing by PostsController#new as HTML
  Rendering posts/new.html.erb within layouts/application
  Rendered posts/_form.html.erb (1.7ms)
  Rendered posts/new.html.erb within layouts/application (2.8ms)
  Rendered layouts/_header.html.erb (0.4ms)
  Rendered layouts/_footer.html.erb (0.2ms)
Completed 200 OK in 19ms (Views: 17.8ms | ActiveRecord: 0.0ms)


Started GET "/posts/new" for ::1 at 2024-02-29 10:25:19 +0900
Processing by PostsController#new as HTML
  Rendering posts/new.html.erb within layouts/application
  Rendered posts/_form.html.erb (3.7ms)
  Rendered posts/new.html.erb within layouts/application (8.3ms)
  Rendered layouts/_header.html.erb (0.2ms)
  Rendered layouts/_footer.html.erb (0.1ms)
Completed 200 OK in 35ms (Views: 29.0ms | ActiveRecord: 0.0ms)


Started GET "/posts" for ::1 at 2024-02-29 10:25:22 +0900
Processing by PostsController#index as HTML
  Rendering posts/index.html.erb within layouts/application
  [1m[36mPost Load (0.5ms)[0m  [1m[34mSELECT "posts".* FROM "posts"[0m
  â†³ app/views/posts/index.html.erb:3
  Rendered collection of posts/_post.html.erb [4 times] (1.6ms)
  Rendered posts/index.html.erb within layouts/application (5.5ms)
  Rendered layouts/_header.html.erb (0.3ms)
  Rendered layouts/_footer.html.erb (1.7ms)
Completed 200 OK in 24ms (Views: 21.9ms | ActiveRecord: 0.5ms)


Started GET "/posts/2/edit" for ::1 at 2024-02-29 10:29:19 +0900
Processing by PostsController#edit as HTML
  Parameters: {"id"=>"2"}
  [1m[36mPost Load (0.3ms)[0m  [1m[34mSELECT  "posts".* FROM "posts" WHERE "posts"."id" = ? LIMIT ?[0m  [["id", 2], ["LIMIT", 1]]
  â†³ app/controllers/posts_controller.rb:63
  Rendering posts/edit.html.erb within layouts/application
  Rendered posts/_form.html.erb (2.4ms)
  Rendered posts/edit.html.erb within layouts/application (3.7ms)
  Rendered layouts/_header.html.erb (0.2ms)
  Rendered layouts/_footer.html.erb (0.1ms)
Completed 200 OK in 34ms (Views: 21.4ms | ActiveRecord: 1.2ms)


Started PATCH "/posts/2" for ::1 at 2024-02-29 10:29:23 +0900
Processing by PostsController#update as HTML
  Parameters: {"utf8"=>"âœ“", "authenticity_token"=>"hTeFClM8C69pP8Qsk9hg3NRsbM8twQw1IHpyzh9pUNn5hmjChqCMw/VHo1/B/Xvzw64gUYS5OxGjg+ARslbgfQ==", "post"=>{"title"=>"", "content"=>"ã‚ã‚ã‚"}, "commit"=>"Update Post", "id"=>"2"}
  [1m[36mPost Load (0.1ms)[0m  [1m[34mSELECT  "posts".* FROM "posts" WHERE "posts"."id" = ? LIMIT ?[0m  [["id", 2], ["LIMIT", 1]]
  â†³ app/controllers/posts_controller.rb:63
  [1m[35m (0.0ms)[0m  [1m[36mbegin transaction[0m
  â†³ app/controllers/posts_controller.rb:40
  [1m[35m (0.1ms)[0m  [1m[31mrollback transaction[0m
  â†³ app/controllers/posts_controller.rb:40
  Rendering posts/edit.html.erb within layouts/application
  Rendered posts/_form.html.erb (2.6ms)
  Rendered posts/edit.html.erb within layouts/application (3.8ms)
  Rendered layouts/_header.html.erb (0.3ms)
  Rendered layouts/_footer.html.erb (0.2ms)
Completed 422 Unprocessable Entity in 25ms (Views: 21.2ms | ActiveRecord: 0.2ms)


Started GET "/posts/2" for ::1 at 2024-02-29 10:31:02 +0900
Processing by PostsController#show as HTML
  Parameters: {"id"=>"2"}
  [1m[36mPost Load (0.3ms)[0m  [1m[34mSELECT  "posts".* FROM "posts" WHERE "posts"."id" = ? LIMIT ?[0m  [["id", 2], ["LIMIT", 1]]
  â†³ app/controllers/posts_controller.rb:63
  Rendering posts/show.html.erb within layouts/application
  Rendered posts/_post.html.erb (1.1ms)
  Rendered posts/show.html.erb within layouts/application (3.1ms)
  Rendered layouts/_header.html.erb (0.3ms)
  Rendered layouts/_footer.html.erb (0.2ms)
Completed 200 OK in 50ms (Views: 46.0ms | ActiveRecord: 0.3ms)


Started GET "/posts/2/edit" for ::1 at 2024-02-29 10:31:04 +0900
Processing by PostsController#edit as HTML
  Parameters: {"id"=>"2"}
  [1m[36mPost Load (0.2ms)[0m  [1m[34mSELECT  "posts".* FROM "posts" WHERE "posts"."id" = ? LIMIT ?[0m  [["id", 2], ["LIMIT", 1]]
  â†³ app/controllers/posts_controller.rb:63
  Rendering posts/edit.html.erb within layouts/application
  Rendered posts/_form.html.erb (2.6ms)
  Rendered posts/edit.html.erb within layouts/application (4.5ms)
  Rendered layouts/_header.html.erb (0.7ms)
  Rendered layouts/_footer.html.erb (0.3ms)
Completed 200 OK in 27ms (Views: 21.5ms | ActiveRecord: 0.2ms)


Started PATCH "/posts/2" for ::1 at 2024-02-29 10:31:06 +0900
Processing by PostsController#update as HTML
  Parameters: {"utf8"=>"âœ“", "authenticity_token"=>"A4anhd1zsFroQWx45RvXicy0xMwGY0Vs5khN/F9DrYV/N0pNCO83NnQ5Cwu3Psym23aIUq8bckhlsd8j8nwdIQ==", "post"=>{"title"=>"", "content"=>"ã‚ã‚ã‚"}, "commit"=>"Update Post", "id"=>"2"}
  [1m[36mPost Load (0.1ms)[0m  [1m[34mSELECT  "posts".* FROM "posts" WHERE "posts"."id" = ? LIMIT ?[0m  [["id", 2], ["LIMIT", 1]]
  â†³ app/controllers/posts_controller.rb:63
  [1m[35m (0.1ms)[0m  [1m[36mbegin transaction[0m
  â†³ app/controllers/posts_controller.rb:40
  [1m[35m (0.0ms)[0m  [1m[31mrollback transaction[0m
  â†³ app/controllers/posts_controller.rb:40
  Rendering posts/edit.html.erb within layouts/application
  Rendered posts/_form.html.erb (1.9ms)
  Rendered posts/edit.html.erb within layouts/application (3.4ms)
  Rendered layouts/_header.html.erb (0.5ms)
  Rendered layouts/_footer.html.erb (0.3ms)
Completed 422 Unprocessable Entity in 23ms (Views: 20.1ms | ActiveRecord: 0.2ms)


Started GET "/posts/2" for ::1 at 2024-02-29 10:33:34 +0900
Processing by PostsController#show as HTML
  Parameters: {"id"=>"2"}
  [1m[36mPost Load (0.1ms)[0m  [1m[34mSELECT  "posts".* FROM "posts" WHERE "posts"."id" = ? LIMIT ?[0m  [["id", 2], ["LIMIT", 1]]
  â†³ app/controllers/posts_controller.rb:63
  Rendering posts/show.html.erb within layouts/application
  Rendered posts/_post.html.erb (0.7ms)
  Rendered posts/show.html.erb within layouts/application (2.3ms)
  Rendered layouts/_header.html.erb (0.3ms)
  Rendered layouts/_footer.html.erb (0.2ms)
Completed 200 OK in 37ms (Views: 34.6ms | ActiveRecord: 0.1ms)


Started GET "/posts/2/edit" for ::1 at 2024-02-29 10:33:36 +0900
Processing by PostsController#edit as HTML
  Parameters: {"id"=>"2"}
  [1m[36mPost Load (0.1ms)[0m  [1m[34mSELECT  "posts".* FROM "posts" WHERE "posts"."id" = ? LIMIT ?[0m  [["id", 2], ["LIMIT", 1]]
  â†³ app/controllers/posts_controller.rb:63
  Rendering posts/edit.html.erb within layouts/application
  Rendered posts/_form.html.erb (1.8ms)
  Rendered posts/edit.html.erb within layouts/application (3.0ms)
  Rendered layouts/_header.html.erb (0.4ms)
  Rendered layouts/_footer.html.erb (0.2ms)
Completed 200 OK in 20ms (Views: 18.1ms | ActiveRecord: 0.1ms)


Started GET "/posts/2/edit" for ::1 at 2024-02-29 10:33:39 +0900
Processing by PostsController#edit as HTML
  Parameters: {"id"=>"2"}
  [1m[36mPost Load (0.1ms)[0m  [1m[34mSELECT  "posts".* FROM "posts" WHERE "posts"."id" = ? LIMIT ?[0m  [["id", 2], ["LIMIT", 1]]
  â†³ app/controllers/posts_controller.rb:63
  Rendering posts/edit.html.erb within layouts/application
  Rendered posts/_form.html.erb (1.7ms)
  Rendered posts/edit.html.erb within layouts/application (2.7ms)
  Rendered layouts/_header.html.erb (0.5ms)
  Rendered layouts/_footer.html.erb (0.2ms)
Completed 200 OK in 20ms (Views: 18.0ms | ActiveRecord: 0.1ms)


Started GET "/posts" for ::1 at 2024-02-29 10:33:41 +0900
Processing by PostsController#index as HTML
  Rendering posts/index.html.erb within layouts/application
  [1m[36mPost Load (0.2ms)[0m  [1m[34mSELECT "posts".* FROM "posts"[0m
  â†³ app/views/posts/index.html.erb:3
  Rendered collection of posts/_post.html.erb [4 times] (4.7ms)
  Rendered posts/index.html.erb within layouts/application (7.0ms)
  Rendered layouts/_header.html.erb (0.4ms)
  Rendered layouts/_footer.html.erb (0.2ms)
Completed 200 OK in 28ms (Views: 26.4ms | ActiveRecord: 0.2ms)


Started GET "/posts" for ::1 at 2024-02-29 10:35:05 +0900
Processing by PostsController#index as HTML
  Rendering posts/index.html.erb within layouts/application
  [1m[36mPost Load (0.1ms)[0m  [1m[34mSELECT "posts".* FROM "posts"[0m
  â†³ app/views/posts/index.html.erb:3
  Rendered collection of posts/_post.html.erb [4 times] (1.2ms)
  Rendered posts/index.html.erb within layouts/application (3.5ms)
  Rendered layouts/_header.html.erb (0.4ms)
  Rendered layouts/_footer.html.erb (0.2ms)
Completed 200 OK in 36ms (Views: 34.6ms | ActiveRecord: 0.1ms)


Started GET "/posts" for ::1 at 2024-02-29 10:38:46 +0900
Processing by PostsController#index as HTML
  Rendering posts/index.html.erb within layouts/application
  [1m[36mPost Load (0.2ms)[0m  [1m[34mSELECT "posts".* FROM "posts"[0m
  â†³ app/views/posts/index.html.erb:3
  Rendered collection of posts/_post.html.erb [4 times] (2.0ms)
  Rendered posts/index.html.erb within layouts/application (5.5ms)
  Rendered layouts/_header.html.erb (0.4ms)
  Rendered layouts/_footer.html.erb (0.3ms)
Completed 200 OK in 36ms (Views: 33.7ms | ActiveRecord: 0.2ms)


Started GET "/posts/2" for ::1 at 2024-02-29 10:38:47 +0900
Processing by PostsController#show as HTML
  Parameters: {"id"=>"2"}
  [1m[36mPost Load (0.1ms)[0m  [1m[34mSELECT  "posts".* FROM "posts" WHERE "posts"."id" = ? LIMIT ?[0m  [["id", 2], ["LIMIT", 1]]
  â†³ app/controllers/posts_controller.rb:63
  Rendering posts/show.html.erb within layouts/application
  Rendered posts/_post.html.erb (0.7ms)
  Rendered posts/show.html.erb within layouts/application (1.8ms)
  Rendered layouts/_header.html.erb (0.5ms)
  Rendered layouts/_footer.html.erb (0.3ms)
Completed 200 OK in 19ms (Views: 17.1ms | ActiveRecord: 0.1ms)


Started GET "/posts/2" for ::1 at 2024-02-29 10:38:48 +0900
Processing by PostsController#show as HTML
  Parameters: {"id"=>"2"}
  [1m[36mPost Load (0.1ms)[0m  [1m[34mSELECT  "posts".* FROM "posts" WHERE "posts"."id" = ? LIMIT ?[0m  [["id", 2], ["LIMIT", 1]]
  â†³ app/controllers/posts_controller.rb:63
  Rendering posts/show.html.erb within layouts/application
  Rendered posts/_post.html.erb (0.7ms)
  Rendered posts/show.html.erb within layouts/application (1.9ms)
  Rendered layouts/_header.html.erb (0.6ms)
  Rendered layouts/_footer.html.erb (0.2ms)
Completed 200 OK in 19ms (Views: 17.3ms | ActiveRecord: 0.1ms)


Started GET "/posts/2" for ::1 at 2024-02-29 10:38:48 +0900
Processing by PostsController#show as HTML
  Parameters: {"id"=>"2"}
  [1m[36mPost Load (0.2ms)[0m  [1m[34mSELECT  "posts".* FROM "posts" WHERE "posts"."id" = ? LIMIT ?[0m  [["id", 2], ["LIMIT", 1]]
  â†³ app/controllers/posts_controller.rb:63
  Rendering posts/show.html.erb within layouts/application
  Rendered posts/_post.html.erb (0.6ms)
  Rendered posts/show.html.erb within layouts/application (1.8ms)
  Rendered layouts/_header.html.erb (0.4ms)
  Rendered layouts/_footer.html.erb (0.2ms)
Completed 200 OK in 21ms (Views: 19.1ms | ActiveRecord: 0.2ms)


Started GET "/posts/2" for ::1 at 2024-02-29 10:38:49 +0900
Processing by PostsController#show as HTML
  Parameters: {"id"=>"2"}
  [1m[36mPost Load (0.1ms)[0m  [1m[34mSELECT  "posts".* FROM "posts" WHERE "posts"."id" = ? LIMIT ?[0m  [["id", 2], ["LIMIT", 1]]
  â†³ app/controllers/posts_controller.rb:63
  Rendering posts/show.html.erb within layouts/application
  Rendered posts/_post.html.erb (0.8ms)
  Rendered posts/show.html.erb within layouts/application (1.9ms)
  Rendered layouts/_header.html.erb (0.6ms)
  Rendered layouts/_footer.html.erb (0.3ms)
Completed 200 OK in 25ms (Views: 19.3ms | ActiveRecord: 0.1ms)


Started GET "/posts" for ::1 at 2024-02-29 10:39:56 +0900
Processing by PostsController#index as HTML
  Rendering posts/index.html.erb within layouts/application
  [1m[36mPost Load (0.2ms)[0m  [1m[34mSELECT "posts".* FROM "posts"[0m
  â†³ app/views/posts/index.html.erb:3
  Rendered collection of posts/_post.html.erb [4 times] (1.3ms)
  Rendered posts/index.html.erb within layouts/application (3.8ms)
  Rendered layouts/_header.html.erb (0.4ms)
  Rendered layouts/_footer.html.erb (0.1ms)
Completed 200 OK in 30ms (Views: 28.1ms | ActiveRecord: 0.2ms)


Started GET "/posts" for ::1 at 2024-02-29 10:39:59 +0900
Processing by PostsController#index as HTML
  Rendering posts/index.html.erb within layouts/application
  [1m[36mPost Load (0.2ms)[0m  [1m[34mSELECT "posts".* FROM "posts"[0m
  â†³ app/views/posts/index.html.erb:3
  Rendered collection of posts/_post.html.erb [4 times] (1.3ms)
  Rendered posts/index.html.erb within layouts/application (5.3ms)
  Rendered layouts/_header.html.erb (0.9ms)
  Rendered layouts/_footer.html.erb (0.2ms)
Completed 200 OK in 27ms (Views: 25.4ms | ActiveRecord: 0.2ms)


Started GET "/posts" for ::1 at 2024-02-29 10:40:11 +0900
Processing by PostsController#index as HTML
  Rendering posts/index.html.erb within layouts/application
  [1m[36mPost Load (0.2ms)[0m  [1m[34mSELECT "posts".* FROM "posts"[0m
  â†³ app/views/posts/index.html.erb:3
  Rendered collection of posts/_post.html.erb [4 times] (1.4ms)
  Rendered posts/index.html.erb within layouts/application (3.7ms)
  Rendered layouts/_header.html.erb (0.6ms)
  Rendered layouts/_footer.html.erb (0.2ms)
Completed 200 OK in 26ms (Views: 24.6ms | ActiveRecord: 0.2ms)


Started GET "/posts" for ::1 at 2024-02-29 10:40:22 +0900
Processing by PostsController#index as HTML
  Rendering posts/index.html.erb within layouts/application
  [1m[36mPost Load (0.1ms)[0m  [1m[34mSELECT "posts".* FROM "posts"[0m
  â†³ app/views/posts/index.html.erb:3
  Rendered collection of posts/_post.html.erb [4 times] (1.3ms)
  Rendered posts/index.html.erb within layouts/application (3.5ms)
  Rendered layouts/_header.html.erb (0.8ms)
  Rendered layouts/_footer.html.erb (0.4ms)
Completed 200 OK in 23ms (Views: 21.7ms | ActiveRecord: 0.1ms)


Started GET "/posts" for ::1 at 2024-02-29 10:41:30 +0900
Processing by PostsController#index as HTML
  Rendering posts/index.html.erb within layouts/application
  [1m[36mPost Load (0.2ms)[0m  [1m[34mSELECT "posts".* FROM "posts"[0m
  â†³ app/views/posts/index.html.erb:3
  Rendered collection of posts/_post.html.erb [4 times] (1.3ms)
  Rendered posts/index.html.erb within layouts/application (3.5ms)
  Rendered layouts/_header.html.erb (0.5ms)
  Rendered layouts/_footer.html.erb (0.3ms)
Completed 200 OK in 37ms (Views: 35.9ms | ActiveRecord: 0.2ms)


Started GET "/posts" for ::1 at 2024-02-29 13:56:08 +0900
Processing by PostsController#index as HTML
  Rendering posts/index.html.erb within layouts/application
  [1m[36mPost Load (0.3ms)[0m  [1m[34mSELECT "posts".* FROM "posts"[0m
  â†³ app/views/posts/index.html.erb:3
  Rendered collection of posts/_post.html.erb [4 times] (1.4ms)
  Rendered posts/index.html.erb within layouts/application (7.9ms)
  Rendered layouts/_header.html.erb (0.4ms)
  Rendered layouts/_flash.html.erb (0.2ms)
  Rendered layouts/_footer.html.erb (0.1ms)
Completed 200 OK in 32ms (Views: 24.1ms | ActiveRecord: 1.3ms)


Started GET "/posts/2/edit" for ::1 at 2024-02-29 13:56:11 +0900
Processing by PostsController#edit as HTML
  Parameters: {"id"=>"2"}
  [1m[36mPost Load (0.2ms)[0m  [1m[34mSELECT  "posts".* FROM "posts" WHERE "posts"."id" = ? LIMIT ?[0m  [["id", 2], ["LIMIT", 1]]
  â†³ app/controllers/posts_controller.rb:63
  Rendering posts/edit.html.erb within layouts/application
  Rendered posts/_form.html.erb (3.0ms)
  Rendered posts/edit.html.erb within layouts/application (4.3ms)
  Rendered layouts/_header.html.erb (0.6ms)
  Rendered layouts/_flash.html.erb (0.3ms)
  Rendered layouts/_footer.html.erb (0.2ms)
Completed 200 OK in 31ms (Views: 28.4ms | ActiveRecord: 0.2ms)


Started PATCH "/posts/2" for ::1 at 2024-02-29 13:56:13 +0900
Processing by PostsController#update as HTML
  Parameters: {"utf8"=>"âœ“", "authenticity_token"=>"oNTTa13HR3yiFAS9MhihM6GuYMQ3fwMHXdSbEnbwh97cZT6jiFvAED5sY85gPboctmwsWp4HNCPeLQnN2883eg==", "post"=>{"title"=>"", "content"=>"ã‚ã‚ã‚"}, "commit"=>"Update Post", "id"=>"2"}
  [1m[36mPost Load (0.1ms)[0m  [1m[34mSELECT  "posts".* FROM "posts" WHERE "posts"."id" = ? LIMIT ?[0m  [["id", 2], ["LIMIT", 1]]
  â†³ app/controllers/posts_controller.rb:63
  [1m[35m (0.0ms)[0m  [1m[36mbegin transaction[0m
  â†³ app/controllers/posts_controller.rb:40
  [1m[35m (0.1ms)[0m  [1m[31mrollback transaction[0m
  â†³ app/controllers/posts_controller.rb:40
  Rendering posts/edit.html.erb within layouts/application
  Rendered posts/_form.html.erb (2.1ms)
  Rendered posts/edit.html.erb within layouts/application (3.1ms)
  Rendered layouts/_header.html.erb (0.4ms)
  Rendered layouts/_flash.html.erb (0.3ms)
  Rendered layouts/_footer.html.erb (0.1ms)
Completed 422 Unprocessable Entity in 25ms (Views: 21.0ms | ActiveRecord: 0.2ms)


Started PATCH "/posts/2" for ::1 at 2024-02-29 13:57:03 +0900
Processing by PostsController#update as HTML
  Parameters: {"utf8"=>"âœ“", "authenticity_token"=>"gTFjefYcYiCuUVCgiNw6PJuAXl76XiyK/v8p+addTKBR1CAorI8+UsubTTSNUx1xJsMy70d/OdLEOZ23Pnm+SQ==", "post"=>{"title"=>"a", "content"=>"ã‚ã‚ã‚"}, "commit"=>"Update Post", "id"=>"2"}
  [1m[36mPost Load (0.3ms)[0m  [1m[34mSELECT  "posts".* FROM "posts" WHERE "posts"."id" = ? LIMIT ?[0m  [["id", 2], ["LIMIT", 1]]
  â†³ app/controllers/posts_controller.rb:63
  [1m[35m (0.1ms)[0m  [1m[36mbegin transaction[0m
  â†³ app/controllers/posts_controller.rb:40
  [1m[36mPost Update (1.1ms)[0m  [1m[33mUPDATE "posts" SET "title" = ?, "updated_at" = ? WHERE "posts"."id" = ?[0m  [["title", "a"], ["updated_at", "2024-02-29 04:57:03.105580"], ["id", 2]]
  â†³ app/controllers/posts_controller.rb:40
  [1m[35m (0.5ms)[0m  [1m[36mcommit transaction[0m
  â†³ app/controllers/posts_controller.rb:40
Redirected to http://localhost:3000/posts/2
Completed 302 Found in 13ms (ActiveRecord: 3.2ms)


Started GET "/posts/2" for ::1 at 2024-02-29 13:57:03 +0900
Processing by PostsController#show as HTML
  Parameters: {"id"=>"2"}
  [1m[36mPost Load (0.1ms)[0m  [1m[34mSELECT  "posts".* FROM "posts" WHERE "posts"."id" = ? LIMIT ?[0m  [["id", 2], ["LIMIT", 1]]
  â†³ app/controllers/posts_controller.rb:63
  Rendering posts/show.html.erb within layouts/application
  Rendered posts/_post.html.erb (0.8ms)
  Rendered posts/show.html.erb within layouts/application (2.0ms)
  Rendered layouts/_header.html.erb (0.5ms)
  Rendered layouts/_flash.html.erb (0.3ms)
  Rendered layouts/_footer.html.erb (0.2ms)
Completed 200 OK in 21ms (Views: 19.0ms | ActiveRecord: 0.1ms)


Started GET "/posts/2/edit" for ::1 at 2024-02-29 18:24:18 +0900
Processing by PostsController#edit as HTML
  Parameters: {"id"=>"2"}
  [1m[36mPost Load (0.5ms)[0m  [1m[34mSELECT  "posts".* FROM "posts" WHERE "posts"."id" = ? LIMIT ?[0m  [["id", 2], ["LIMIT", 1]]
  â†³ app/controllers/posts_controller.rb:63
  Rendering posts/edit.html.erb within layouts/application
  Rendered posts/_form.html.erb (4.1ms)
  Rendered posts/edit.html.erb within layouts/application (8.6ms)
  Rendered layouts/_header.html.erb (0.7ms)
  Rendered layouts/_flash.html.erb (0.4ms)
  Rendered layouts/_footer.html.erb (0.2ms)
Completed 200 OK in 44ms (Views: 36.9ms | ActiveRecord: 0.5ms)


Started PATCH "/posts/2" for ::1 at 2024-02-29 18:24:19 +0900
Processing by PostsController#update as HTML
  Parameters: {"utf8"=>"âœ“", "authenticity_token"=>"soTszYgvMTdff2M/jA6BR/Ird6eNMNwZ3wIzXn07nvTONQEFXbO2W8MHBEzeK5po5ek7OSRI6z1c+6GB0AQuUA==", "post"=>{"title"=>"a", "content"=>"ã‚ã‚ã‚"}, "commit"=>"Update Post", "id"=>"2"}
  [1m[36mPost Load (0.2ms)[0m  [1m[34mSELECT  "posts".* FROM "posts" WHERE "posts"."id" = ? LIMIT ?[0m  [["id", 2], ["LIMIT", 1]]
  â†³ app/controllers/posts_controller.rb:63
  [1m[35m (0.1ms)[0m  [1m[36mbegin transaction[0m
  â†³ app/controllers/posts_controller.rb:40
  [1m[35m (0.1ms)[0m  [1m[36mcommit transaction[0m
  â†³ app/controllers/posts_controller.rb:40
Redirected to http://localhost:3000/posts/2
Completed 302 Found in 4ms (ActiveRecord: 0.3ms)


Started GET "/posts/2" for ::1 at 2024-02-29 18:24:19 +0900
Processing by PostsController#show as HTML
  Parameters: {"id"=>"2"}
  [1m[36mPost Load (0.3ms)[0m  [1m[34mSELECT  "posts".* FROM "posts" WHERE "posts"."id" = ? LIMIT ?[0m  [["id", 2], ["LIMIT", 1]]
  â†³ app/controllers/posts_controller.rb:63
  Rendering posts/show.html.erb within layouts/application
  Rendered posts/_post.html.erb (0.7ms)
  Rendered posts/show.html.erb within layouts/application (2.3ms)
  Rendered layouts/_header.html.erb (0.5ms)
  Rendered layouts/_flash.html.erb (0.4ms)
  Rendered layouts/_footer.html.erb (0.2ms)
Completed 200 OK in 26ms (Views: 18.7ms | ActiveRecord: 0.3ms)


